<?xml version="1.0" encoding="UTF-8"?>
<!-- Generated by org.testng.reporters.JUnitXMLReporter -->
<testsuite hostname="DESKTOP-B2LISJD" ignored="2" name="Default test" tests="1" failures="0" timestamp="05 Jan 2020 23:16:28 GMT" time="2.494" errors="0">
  <testcase name="substest" time="2.459" classname="Package_2.HomePageTest"/>
  <testcase name="clickwomentabtest" time="0.0" classname="Package_2.HomePageTest">
    <ignored/>
  </testcase> <!-- clickwomentabtest -->
  <testcase name="verifywomentabclickTest" time="0.0" classname="Package_2.HomePageTest">
    <ignored/>
  </testcase> <!-- verifywomentabclickTest -->
</testsuite> <!-- Default test -->
