<?xml version="1.0" encoding="UTF-8"?>
<!-- Generated by org.testng.reporters.JUnitXMLReporter -->
<testsuite hostname="DESKTOP-B2LISJD" name="Test" tests="3" failures="0" timestamp="6 Jan 2020 21:17:09 GMT" time="7.141" errors="0">
  <testcase name="verifydisplaedproductTest" time="1.287" classname="Package_2.WomenPageTest"/>
  <testcase name="AddToCartTest" time="1.345" classname="Package_2.WomenPageTest"/>
  <testcase name="NoOfSubscriptionTest" time="2.387" classname="Package_2.HomePageTest"/>
</testsuite> <!-- Test -->
