<?xml version="1.0" encoding="UTF-8"?>
<testng-results skipped="0" failed="0" total="3" passed="3">
  <reporter-output>
  </reporter-output>
  <suite name="Suite" duration-ms="7141" started-at="2020-01-06T21:17:02Z" finished-at="2020-01-06T21:17:09Z">
    <groups>
    </groups>
    <test name="Test" duration-ms="7141" started-at="2020-01-06T21:17:02Z" finished-at="2020-01-06T21:17:09Z">
      <class name="Package_2.WomenPageTest">
        <test-method status="PASS" signature="womenTabClickTest()[pri:0, instance:Package_2.WomenPageTest@6b8ca3c8]" name="womenTabClickTest" is-config="true" duration-ms="1037" started-at="2020-01-06T13:17:02Z" finished-at="2020-01-06T13:17:03Z">
          <reporter-output>
          </reporter-output>
        </test-method> <!-- womenTabClickTest -->
        <test-method status="PASS" signature="verifydisplaedproductTest()[pri:0, instance:Package_2.WomenPageTest@6b8ca3c8]" name="verifydisplaedproductTest" duration-ms="1287" started-at="2020-01-06T13:17:03Z" finished-at="2020-01-06T13:17:04Z">
          <reporter-output>
          </reporter-output>
        </test-method> <!-- verifydisplaedproductTest -->
        <test-method status="PASS" signature="womenTabClickTest()[pri:0, instance:Package_2.WomenPageTest@6b8ca3c8]" name="womenTabClickTest" is-config="true" duration-ms="1069" started-at="2020-01-06T13:17:04Z" finished-at="2020-01-06T13:17:06Z">
          <reporter-output>
          </reporter-output>
        </test-method> <!-- womenTabClickTest -->
        <test-method status="PASS" signature="AddToCartTest()[pri:0, instance:Package_2.WomenPageTest@6b8ca3c8]" name="AddToCartTest" duration-ms="1345" started-at="2020-01-06T13:17:06Z" finished-at="2020-01-06T13:17:07Z">
          <reporter-output>
          </reporter-output>
        </test-method> <!-- AddToCartTest -->
      </class> <!-- Package_2.WomenPageTest -->
      <class name="Package_2.HomePageTest">
        <test-method status="PASS" signature="NoOfSubscriptionTest()[pri:0, instance:Package_2.HomePageTest@62e7f11d]" name="NoOfSubscriptionTest" duration-ms="2387" started-at="2020-01-06T13:17:07Z" finished-at="2020-01-06T13:17:09Z">
          <reporter-output>
          </reporter-output>
        </test-method> <!-- NoOfSubscriptionTest -->
      </class> <!-- Package_2.HomePageTest -->
    </test> <!-- Test -->
  </suite> <!-- Suite -->
</testng-results>
