<?xml version="1.0" encoding="UTF-8"?>
<testng-results skipped="0" failed="0" ignored="2" total="3" passed="1">
  <reporter-output>
  </reporter-output>
  <suite name="Default suite" duration-ms="2494" started-at="2020-01-05T23:16:26Z" finished-at="2020-01-05T23:16:28Z">
    <groups>
    </groups>
    <test name="Default test" duration-ms="2494" started-at="2020-01-05T23:16:26Z" finished-at="2020-01-05T23:16:28Z">
      <class name="Package_2.HomePageTest">
        <test-method status="PASS" signature="substest()[pri:0, instance:Package_2.HomePageTest@413d1baf]" name="substest" duration-ms="2459" started-at="2020-01-05T23:16:26Z" finished-at="2020-01-05T23:16:28Z">
          <reporter-output>
          </reporter-output>
        </test-method> <!-- substest -->
      </class> <!-- Package_2.HomePageTest -->
    </test> <!-- Default test -->
  </suite> <!-- Default suite -->
</testng-results>
